2021-06-25 09:38:02.431 [background-preinit] INFO  org.hibernate.validator.internal.util.Version:21 - HV000001: Hibernate Validator 6.1.6.Final
2021-06-25 09:38:02.480 [main] INFO  org.jeecg.JeecgSystemApplication:55 - Starting JeecgSystemApplication on bogon with PID 1311 (/Users/sherlockdong/Documents/学习/Projects/jeecg-boot/jeecg-boot/jeecg-boot-module-system/target/classes started by sherlockdong in /Users/sherlockdong/Documents/学习/Projects/jeecg-boot/jeecg-boot)
2021-06-25 09:38:02.480 [main] INFO  org.jeecg.JeecgSystemApplication:655 - The following profiles are active: dev
2021-06-25 09:38:03.316 [background-preinit] WARN  o.s.h.converter.json.Jackson2ObjectMapperBuilder:127 - For Jackson Kotlin classes support please add "com.fasterxml.jackson.module:jackson-module-kotlin" to the classpath
2021-06-25 09:38:04.572 [main] INFO  o.s.d.r.config.RepositoryConfigurationDelegate:249 - Multiple Spring Data modules found, entering strict repository configuration mode!
2021-06-25 09:38:04.577 [main] INFO  o.s.d.r.config.RepositoryConfigurationDelegate:127 - Bootstrapping Spring Data Redis repositories in DEFAULT mode.
2021-06-25 09:38:04.715 [main] INFO  o.s.d.r.config.RepositoryConfigurationDelegate:187 - Finished Spring Data repository scanning in 117ms. Found 0 Redis repository interfaces.
2021-06-25 09:38:04.882 [main] INFO  o.j.minidao.auto.MinidaoAutoConfiguration:25 -  ******************* init miniDao config [ begin ] *********************** 
2021-06-25 09:38:04.882 [main] INFO  o.j.minidao.auto.MinidaoAutoConfiguration:27 -  ------ minidao.base-package ------- org.jeecg.modules.jmreport.*
2021-06-25 09:38:04.883 [main] INFO  o.j.minidao.auto.MinidaoAutoConfiguration:28 -  ------ minidao.db-type ------------ mysql
2021-06-25 09:38:04.885 [main] INFO  o.j.minidao.auto.MinidaoAutoConfiguration:39 -  ------ minidao Set Interceptor  ------- 
2021-06-25 09:38:04.886 [main] INFO  o.j.minidao.auto.MinidaoAutoConfiguration:50 -  *******************  init miniDao config  [ end ] *********************** 
2021-06-25 09:38:04.948 [main] INFO  o.j.minidao.factory.MiniDaoClassPathMapperScanner:48 - register minidao name is { org.jeecg.modules.jmreport.desreport.dao.JimuReportDao }
2021-06-25 09:38:04.949 [main] INFO  o.j.minidao.factory.MiniDaoClassPathMapperScanner:48 - register minidao name is { org.jeecg.modules.jmreport.desreport.dao.JimuReportDataSourceDao }
2021-06-25 09:38:04.949 [main] INFO  o.j.minidao.factory.MiniDaoClassPathMapperScanner:48 - register minidao name is { org.jeecg.modules.jmreport.desreport.dao.JimuReportDbDao }
2021-06-25 09:38:04.949 [main] INFO  o.j.minidao.factory.MiniDaoClassPathMapperScanner:48 - register minidao name is { org.jeecg.modules.jmreport.desreport.dao.JimuReportDbFieldDao }
2021-06-25 09:38:04.949 [main] INFO  o.j.minidao.factory.MiniDaoClassPathMapperScanner:48 - register minidao name is { org.jeecg.modules.jmreport.desreport.dao.JimuReportDbParamDao }
2021-06-25 09:38:04.949 [main] INFO  o.j.minidao.factory.MiniDaoClassPathMapperScanner:48 - register minidao name is { org.jeecg.modules.jmreport.desreport.dao.JimuReportDictDao }
2021-06-25 09:38:04.950 [main] INFO  o.j.minidao.factory.MiniDaoClassPathMapperScanner:48 - register minidao name is { org.jeecg.modules.jmreport.desreport.dao.JimuReportDictItemDao }
2021-06-25 09:38:04.950 [main] INFO  o.j.minidao.factory.MiniDaoClassPathMapperScanner:48 - register minidao name is { org.jeecg.modules.jmreport.desreport.dao.JimuReportLinkDao }
2021-06-25 09:38:04.950 [main] INFO  o.j.minidao.factory.MiniDaoClassPathMapperScanner:48 - register minidao name is { org.jeecg.modules.jmreport.desreport.dao.JimuReportMapDao }
2021-06-25 09:38:04.950 [main] INFO  o.j.minidao.factory.MiniDaoClassPathMapperScanner:48 - register minidao name is { org.jeecg.modules.jmreport.desreport.dao.JimuReportShareDao }
2021-06-25 09:38:05.235 [main] INFO  o.s.c.s.PostProcessorRegistrationDelegate$BeanPostProcessorChecker:335 - Bean 'org.springframework.boot.autoconfigure.jdbc.JdbcTemplateConfiguration' of type [org.springframework.boot.autoconfigure.jdbc.JdbcTemplateConfiguration] is not eligible for getting processed by all BeanPostProcessors (for example: not eligible for auto-proxying)
2021-06-25 09:38:05.275 [main] INFO  o.s.c.s.PostProcessorRegistrationDelegate$BeanPostProcessorChecker:335 - Bean 'spring.datasource.dynamic-com.baomidou.dynamic.datasource.spring.boot.autoconfigure.DynamicDataSourceProperties' of type [com.baomidou.dynamic.datasource.spring.boot.autoconfigure.DynamicDataSourceProperties] is not eligible for getting processed by all BeanPostProcessors (for example: not eligible for auto-proxying)
2021-06-25 09:38:05.278 [main] INFO  o.s.c.s.PostProcessorRegistrationDelegate$BeanPostProcessorChecker:335 - Bean 'com.baomidou.dynamic.datasource.spring.boot.autoconfigure.DynamicDataSourceAutoConfiguration' of type [com.baomidou.dynamic.datasource.spring.boot.autoconfigure.DynamicDataSourceAutoConfiguration$$EnhancerBySpringCGLIB$$e9df613d] is not eligible for getting processed by all BeanPostProcessors (for example: not eligible for auto-proxying)
2021-06-25 09:38:05.297 [main] INFO  o.s.c.s.PostProcessorRegistrationDelegate$BeanPostProcessorChecker:335 - Bean 'com.baomidou.dynamic.datasource.spring.boot.autoconfigure.DynamicDataSourceCreatorAutoConfiguration' of type [com.baomidou.dynamic.datasource.spring.boot.autoconfigure.DynamicDataSourceCreatorAutoConfiguration$$EnhancerBySpringCGLIB$$fb32147] is not eligible for getting processed by all BeanPostProcessors (for example: not eligible for auto-proxying)
2021-06-25 09:38:05.331 [main] INFO  o.s.c.s.PostProcessorRegistrationDelegate$BeanPostProcessorChecker:335 - Bean 'basicDataSourceCreator' of type [com.baomidou.dynamic.datasource.creator.BasicDataSourceCreator] is not eligible for getting processed by all BeanPostProcessors (for example: not eligible for auto-proxying)
2021-06-25 09:38:05.334 [main] INFO  o.s.c.s.PostProcessorRegistrationDelegate$BeanPostProcessorChecker:335 - Bean 'jndiDataSourceCreator' of type [com.baomidou.dynamic.datasource.creator.JndiDataSourceCreator] is not eligible for getting processed by all BeanPostProcessors (for example: not eligible for auto-proxying)
2021-06-25 09:38:05.337 [main] INFO  o.s.c.s.PostProcessorRegistrationDelegate$BeanPostProcessorChecker:335 - Bean 'druidDataSourceCreator' of type [com.baomidou.dynamic.datasource.creator.DruidDataSourceCreator] is not eligible for getting processed by all BeanPostProcessors (for example: not eligible for auto-proxying)
2021-06-25 09:38:05.338 [main] INFO  o.s.c.s.PostProcessorRegistrationDelegate$BeanPostProcessorChecker:335 - Bean 'hikariDataSourceCreator' of type [com.baomidou.dynamic.datasource.creator.HikariDataSourceCreator] is not eligible for getting processed by all BeanPostProcessors (for example: not eligible for auto-proxying)
2021-06-25 09:38:05.340 [main] INFO  o.s.c.s.PostProcessorRegistrationDelegate$BeanPostProcessorChecker:335 - Bean 'dataSourceCreator' of type [com.baomidou.dynamic.datasource.creator.DataSourceCreator] is not eligible for getting processed by all BeanPostProcessors (for example: not eligible for auto-proxying)
2021-06-25 09:38:05.341 [main] INFO  o.s.c.s.PostProcessorRegistrationDelegate$BeanPostProcessorChecker:335 - Bean 'dynamicDataSourceProvider' of type [com.baomidou.dynamic.datasource.provider.YmlDynamicDataSourceProvider] is not eligible for getting processed by all BeanPostProcessors (for example: not eligible for auto-proxying)
2021-06-25 09:38:05.823 [main] INFO  com.alibaba.druid.pool.DruidDataSource:994 - {dataSource-1,master} inited
2021-06-25 09:38:05.825 [main] INFO  c.b.dynamic.datasource.DynamicRoutingDataSource:132 - dynamic-datasource - load a datasource named [master] success
2021-06-25 09:38:05.826 [main] INFO  c.b.dynamic.datasource.DynamicRoutingDataSource:237 - dynamic-datasource initial loaded [1] datasource,primary datasource named [master]
2021-06-25 09:38:05.826 [main] INFO  o.s.c.s.PostProcessorRegistrationDelegate$BeanPostProcessorChecker:335 - Bean 'dataSource' of type [com.baomidou.dynamic.datasource.DynamicRoutingDataSource] is not eligible for getting processed by all BeanPostProcessors (for example: not eligible for auto-proxying)
2021-06-25 09:38:05.830 [main] INFO  o.s.c.s.PostProcessorRegistrationDelegate$BeanPostProcessorChecker:335 - Bean 'spring.jdbc-org.springframework.boot.autoconfigure.jdbc.JdbcProperties' of type [org.springframework.boot.autoconfigure.jdbc.JdbcProperties] is not eligible for getting processed by all BeanPostProcessors (for example: not eligible for auto-proxying)
2021-06-25 09:38:05.842 [main] INFO  o.s.c.s.PostProcessorRegistrationDelegate$BeanPostProcessorChecker:335 - Bean 'jdbcTemplate' of type [org.springframework.jdbc.core.JdbcTemplate] is not eligible for getting processed by all BeanPostProcessors (for example: not eligible for auto-proxying)
2021-06-25 09:38:05.846 [main] INFO  o.s.c.s.PostProcessorRegistrationDelegate$BeanPostProcessorChecker:335 - Bean 'org.springframework.boot.autoconfigure.jdbc.NamedParameterJdbcTemplateConfiguration' of type [org.springframework.boot.autoconfigure.jdbc.NamedParameterJdbcTemplateConfiguration] is not eligible for getting processed by all BeanPostProcessors (for example: not eligible for auto-proxying)
2021-06-25 09:38:05.850 [main] INFO  o.s.c.s.PostProcessorRegistrationDelegate$BeanPostProcessorChecker:335 - Bean 'namedParameterJdbcTemplate' of type [org.springframework.jdbc.core.namedparam.NamedParameterJdbcTemplate] is not eligible for getting processed by all BeanPostProcessors (for example: not eligible for auto-proxying)
2021-06-25 09:38:05.854 [main] INFO  o.s.c.s.PostProcessorRegistrationDelegate$BeanPostProcessorChecker:335 - Bean '(inner bean)#55e1192#9' of type [org.jeecgframework.minidao.aop.MiniDaoHandler] is not eligible for getting processed by all BeanPostProcessors (for example: not eligible for auto-proxying)
2021-06-25 09:38:05.860 [main] INFO  o.s.c.s.PostProcessorRegistrationDelegate$BeanPostProcessorChecker:335 - Bean 'jimuReportShareDao' of type [org.jeecgframework.minidao.factory.MiniDaoBeanFactory] is not eligible for getting processed by all BeanPostProcessors (for example: not eligible for auto-proxying)
2021-06-25 09:38:05.862 [main] INFO  o.s.c.s.PostProcessorRegistrationDelegate$BeanPostProcessorChecker:335 - Bean '(inner bean)#55e1192#8' of type [org.jeecgframework.minidao.aop.MiniDaoHandler] is not eligible for getting processed by all BeanPostProcessors (for example: not eligible for auto-proxying)
2021-06-25 09:38:05.864 [main] INFO  o.s.c.s.PostProcessorRegistrationDelegate$BeanPostProcessorChecker:335 - Bean 'jimuReportMapDao' of type [org.jeecgframework.minidao.factory.MiniDaoBeanFactory] is not eligible for getting processed by all BeanPostProcessors (for example: not eligible for auto-proxying)
2021-06-25 09:38:05.866 [main] INFO  o.s.c.s.PostProcessorRegistrationDelegate$BeanPostProcessorChecker:335 - Bean '(inner bean)#55e1192#7' of type [org.jeecgframework.minidao.aop.MiniDaoHandler] is not eligible for getting processed by all BeanPostProcessors (for example: not eligible for auto-proxying)
2021-06-25 09:38:05.867 [main] INFO  o.s.c.s.PostProcessorRegistrationDelegate$BeanPostProcessorChecker:335 - Bean 'jimuReportLinkDao' of type [org.jeecgframework.minidao.factory.MiniDaoBeanFactory] is not eligible for getting processed by all BeanPostProcessors (for example: not eligible for auto-proxying)
2021-06-25 09:38:05.870 [main] INFO  o.s.c.s.PostProcessorRegistrationDelegate$BeanPostProcessorChecker:335 - Bean '(inner bean)#55e1192#6' of type [org.jeecgframework.minidao.aop.MiniDaoHandler] is not eligible for getting processed by all BeanPostProcessors (for example: not eligible for auto-proxying)
2021-06-25 09:38:05.872 [main] INFO  o.s.c.s.PostProcessorRegistrationDelegate$BeanPostProcessorChecker:335 - Bean 'jimuReportDictItemDao' of type [org.jeecgframework.minidao.factory.MiniDaoBeanFactory] is not eligible for getting processed by all BeanPostProcessors (for example: not eligible for auto-proxying)
2021-06-25 09:38:05.874 [main] INFO  o.s.c.s.PostProcessorRegistrationDelegate$BeanPostProcessorChecker:335 - Bean '(inner bean)#55e1192#5' of type [org.jeecgframework.minidao.aop.MiniDaoHandler] is not eligible for getting processed by all BeanPostProcessors (for example: not eligible for auto-proxying)
2021-06-25 09:38:05.876 [main] INFO  o.s.c.s.PostProcessorRegistrationDelegate$BeanPostProcessorChecker:335 - Bean 'jimuReportDictDao' of type [org.jeecgframework.minidao.factory.MiniDaoBeanFactory] is not eligible for getting processed by all BeanPostProcessors (for example: not eligible for auto-proxying)
2021-06-25 09:38:05.879 [main] INFO  o.s.c.s.PostProcessorRegistrationDelegate$BeanPostProcessorChecker:335 - Bean '(inner bean)#55e1192#4' of type [org.jeecgframework.minidao.aop.MiniDaoHandler] is not eligible for getting processed by all BeanPostProcessors (for example: not eligible for auto-proxying)
2021-06-25 09:38:05.880 [main] INFO  o.s.c.s.PostProcessorRegistrationDelegate$BeanPostProcessorChecker:335 - Bean 'jimuReportDbParamDao' of type [org.jeecgframework.minidao.factory.MiniDaoBeanFactory] is not eligible for getting processed by all BeanPostProcessors (for example: not eligible for auto-proxying)
2021-06-25 09:38:05.883 [main] INFO  o.s.c.s.PostProcessorRegistrationDelegate$BeanPostProcessorChecker:335 - Bean '(inner bean)#55e1192#3' of type [org.jeecgframework.minidao.aop.MiniDaoHandler] is not eligible for getting processed by all BeanPostProcessors (for example: not eligible for auto-proxying)
2021-06-25 09:38:05.884 [main] INFO  o.s.c.s.PostProcessorRegistrationDelegate$BeanPostProcessorChecker:335 - Bean 'jimuReportDbFieldDao' of type [org.jeecgframework.minidao.factory.MiniDaoBeanFactory] is not eligible for getting processed by all BeanPostProcessors (for example: not eligible for auto-proxying)
2021-06-25 09:38:05.887 [main] INFO  o.s.c.s.PostProcessorRegistrationDelegate$BeanPostProcessorChecker:335 - Bean '(inner bean)#55e1192#2' of type [org.jeecgframework.minidao.aop.MiniDaoHandler] is not eligible for getting processed by all BeanPostProcessors (for example: not eligible for auto-proxying)
2021-06-25 09:38:05.888 [main] INFO  o.s.c.s.PostProcessorRegistrationDelegate$BeanPostProcessorChecker:335 - Bean 'jimuReportDbDao' of type [org.jeecgframework.minidao.factory.MiniDaoBeanFactory] is not eligible for getting processed by all BeanPostProcessors (for example: not eligible for auto-proxying)
2021-06-25 09:38:05.890 [main] INFO  o.s.c.s.PostProcessorRegistrationDelegate$BeanPostProcessorChecker:335 - Bean '(inner bean)#55e1192#1' of type [org.jeecgframework.minidao.aop.MiniDaoHandler] is not eligible for getting processed by all BeanPostProcessors (for example: not eligible for auto-proxying)
2021-06-25 09:38:05.891 [main] INFO  o.s.c.s.PostProcessorRegistrationDelegate$BeanPostProcessorChecker:335 - Bean 'jimuReportDataSourceDao' of type [org.jeecgframework.minidao.factory.MiniDaoBeanFactory] is not eligible for getting processed by all BeanPostProcessors (for example: not eligible for auto-proxying)
2021-06-25 09:38:05.894 [main] INFO  o.s.c.s.PostProcessorRegistrationDelegate$BeanPostProcessorChecker:335 - Bean '(inner bean)#55e1192' of type [org.jeecgframework.minidao.aop.MiniDaoHandler] is not eligible for getting processed by all BeanPostProcessors (for example: not eligible for auto-proxying)
2021-06-25 09:38:05.895 [main] INFO  o.s.c.s.PostProcessorRegistrationDelegate$BeanPostProcessorChecker:335 - Bean 'jimuReportDao' of type [org.jeecgframework.minidao.factory.MiniDaoBeanFactory] is not eligible for getting processed by all BeanPostProcessors (for example: not eligible for auto-proxying)
2021-06-25 09:38:05.912 [main] INFO  o.s.c.s.PostProcessorRegistrationDelegate$BeanPostProcessorChecker:335 - Bean 'spring.redis-org.springframework.boot.autoconfigure.data.redis.RedisProperties' of type [org.springframework.boot.autoconfigure.data.redis.RedisProperties] is not eligible for getting processed by all BeanPostProcessors (for example: not eligible for auto-proxying)
2021-06-25 09:38:05.918 [main] INFO  o.s.c.s.PostProcessorRegistrationDelegate$BeanPostProcessorChecker:335 - Bean 'org.springframework.boot.autoconfigure.data.redis.LettuceConnectionConfiguration' of type [org.springframework.boot.autoconfigure.data.redis.LettuceConnectionConfiguration] is not eligible for getting processed by all BeanPostProcessors (for example: not eligible for auto-proxying)
2021-06-25 09:38:06.218 [main] INFO  o.s.c.s.PostProcessorRegistrationDelegate$BeanPostProcessorChecker:335 - Bean 'lettuceClientResources' of type [io.lettuce.core.resource.DefaultClientResources] is not eligible for getting processed by all BeanPostProcessors (for example: not eligible for auto-proxying)
2021-06-25 09:38:06.397 [main] INFO  o.s.c.s.PostProcessorRegistrationDelegate$BeanPostProcessorChecker:335 - Bean 'redisConnectionFactory' of type [org.springframework.data.redis.connection.lettuce.LettuceConnectionFactory] is not eligible for getting processed by all BeanPostProcessors (for example: not eligible for auto-proxying)
2021-06-25 09:38:06.399 [main] INFO  o.s.c.s.PostProcessorRegistrationDelegate$BeanPostProcessorChecker:335 - Bean 'shiroConfig' of type [org.jeecg.config.shiro.ShiroConfig$$EnhancerBySpringCGLIB$$df8d3865] is not eligible for getting processed by all BeanPostProcessors (for example: not eligible for auto-proxying)
2021-06-25 09:38:06.489 [main] INFO  o.s.c.s.PostProcessorRegistrationDelegate$BeanPostProcessorChecker:335 - Bean 'shiroRealm' of type [org.jeecg.config.shiro.ShiroRealm] is not eligible for getting processed by all BeanPostProcessors (for example: not eligible for auto-proxying)
2021-06-25 09:38:06.578 [main] INFO  org.jeecg.config.shiro.ShiroConfig:214 - ===============(1)创建缓存管理器RedisCacheManager
2021-06-25 09:38:06.581 [main] INFO  org.jeecg.config.shiro.ShiroConfig:232 - ===============(2)创建RedisManager,连接Redis..
2021-06-25 09:38:06.588 [main] INFO  o.s.c.s.PostProcessorRegistrationDelegate$BeanPostProcessorChecker:335 - Bean 'redisManager' of type [org.crazycake.shiro.RedisManager] is not eligible for getting processed by all BeanPostProcessors (for example: not eligible for auto-proxying)
2021-06-25 09:38:06.591 [main] INFO  o.s.c.s.PostProcessorRegistrationDelegate$BeanPostProcessorChecker:335 - Bean 'securityManager' of type [org.apache.shiro.web.mgt.DefaultWebSecurityManager] is not eligible for getting processed by all BeanPostProcessors (for example: not eligible for auto-proxying)
2021-06-25 09:38:06.645 [main] INFO  o.s.c.s.PostProcessorRegistrationDelegate$BeanPostProcessorChecker:335 - Bean 'authorizationAttributeSourceAdvisor' of type [org.apache.shiro.spring.security.interceptor.AuthorizationAttributeSourceAdvisor] is not eligible for getting processed by all BeanPostProcessors (for example: not eligible for auto-proxying)
2021-06-25 09:38:07.018 [main] INFO  o.s.c.s.PostProcessorRegistrationDelegate$BeanPostProcessorChecker:335 - Bean 'dsProcessor' of type [com.baomidou.dynamic.datasource.processor.DsHeaderProcessor] is not eligible for getting processed by all BeanPostProcessors (for example: not eligible for auto-proxying)
2021-06-25 09:38:07.034 [main] INFO  o.s.c.s.PostProcessorRegistrationDelegate$BeanPostProcessorChecker:335 - Bean 'redisConfig' of type [org.jeecg.common.modules.redis.config.RedisConfig$$EnhancerBySpringCGLIB$$fcef4895] is not eligible for getting processed by all BeanPostProcessors (for example: not eligible for auto-proxying)
2021-06-25 09:38:07.090 [main] INFO  o.s.c.s.PostProcessorRegistrationDelegate$BeanPostProcessorChecker:335 - Bean 'org.apache.shiro.spring.boot.autoconfigure.ShiroBeanAutoConfiguration' of type [org.apache.shiro.spring.boot.autoconfigure.ShiroBeanAutoConfiguration$$EnhancerBySpringCGLIB$$9369ce1c] is not eligible for getting processed by all BeanPostProcessors (for example: not eligible for auto-proxying)
2021-06-25 09:38:07.097 [main] INFO  o.s.c.s.PostProcessorRegistrationDelegate$BeanPostProcessorChecker:335 - Bean 'eventBus' of type [org.apache.shiro.event.support.DefaultEventBus] is not eligible for getting processed by all BeanPostProcessors (for example: not eligible for auto-proxying)
2021-06-25 09:38:07.566 [main] INFO  o.s.boot.web.embedded.tomcat.TomcatWebServer:108 - Tomcat initialized with port(s): 8080 (http)
2021-06-25 09:38:07.583 [main] INFO  org.apache.coyote.http11.Http11NioProtocol:173 - Initializing ProtocolHandler ["http-nio-8080"]
2021-06-25 09:38:07.584 [main] INFO  org.apache.catalina.core.StandardService:173 - Starting service [Tomcat]
2021-06-25 09:38:07.584 [main] INFO  org.apache.catalina.core.StandardEngine:173 - Starting Servlet engine: [Apache Tomcat/9.0.39]
2021-06-25 09:38:07.712 [main] INFO  o.a.c.c.C.[Tomcat].[localhost].[/jeecg-boot]:173 - Initializing Spring embedded WebApplicationContext
2021-06-25 09:38:07.712 [main] INFO  o.s.b.w.s.c.ServletWebServerApplicationContext:285 - Root WebApplicationContext: initialization completed in 5181 ms
2021-06-25 09:38:10.018 [main] INFO  org.jeecg.common.modules.redis.config.RedisConfig:76 -  --- redis config init --- 
2021-06-25 09:38:11.184 [main] INFO  org.quartz.impl.StdSchedulerFactory:1220 - Using default implementation for ThreadExecutor
2021-06-25 09:38:11.187 [main] INFO  org.quartz.simpl.SimpleThreadPool:268 - Job execution threads will use class loader of thread: main
2021-06-25 09:38:11.202 [main] INFO  org.quartz.core.SchedulerSignalerImpl:61 - Initialized Scheduler Signaller of type: class org.quartz.core.SchedulerSignalerImpl
2021-06-25 09:38:11.203 [main] INFO  org.quartz.core.QuartzScheduler:229 - Quartz Scheduler v.2.3.2 created.
2021-06-25 09:38:11.209 [main] INFO  o.s.scheduling.quartz.LocalDataSourceJobStore:672 - Using db table-based data access locking (synchronization).
2021-06-25 09:38:11.211 [main] INFO  o.s.scheduling.quartz.LocalDataSourceJobStore:145 - JobStoreCMT initialized.
2021-06-25 09:38:11.212 [main] INFO  org.quartz.core.QuartzScheduler:294 - Scheduler meta-data: Quartz Scheduler (v2.3.2) 'MyScheduler' with instanceId 'bogon1624585091186'
  Scheduler class: 'org.quartz.core.QuartzScheduler' - running locally.
  NOT STARTED.
  Currently in standby mode.
  Number of jobs executed: 0
  Using thread pool 'org.quartz.simpl.SimpleThreadPool' - with 10 threads.
  Using job-store 'org.springframework.scheduling.quartz.LocalDataSourceJobStore' - which supports persistence. and is clustered.

2021-06-25 09:38:11.213 [main] INFO  org.quartz.impl.StdSchedulerFactory:1374 - Quartz scheduler 'MyScheduler' initialized from an externally provided properties instance.
2021-06-25 09:38:11.213 [main] INFO  org.quartz.impl.StdSchedulerFactory:1378 - Quartz scheduler version: 2.3.2
2021-06-25 09:38:11.213 [main] INFO  org.quartz.core.QuartzScheduler:2293 - JobFactory set to: org.springframework.scheduling.quartz.SpringBeanJobFactory@37ab1b10
2021-06-25 09:38:12.997 [main] INFO  o.j.m.jmreport.config.JimuReportConfiguration:53 -  --- Init JimuReport Config --- 
2021-06-25 09:38:13.695 [main] INFO  o.s.b.actuate.endpoint.web.EndpointLinksResolver:58 - Exposing 2 endpoint(s) beneath base path '/actuator'
2021-06-25 09:38:13.803 [main] INFO  org.jeecg.config.init.CodeGenerateDbConfig:45 -  代码生成器数据库连接，使用application.yml的DB配置 ###################
2021-06-25 09:38:13.866 [main] INFO  s.d.s.w.WebMvcPropertySourcedRequestMappingHandlerMapping:69 - Mapped URL path [/v2/api-docs] onto method [springfox.documentation.swagger2.web.Swagger2ControllerWebMvc#getDocumentation(String, HttpServletRequest)]
2021-06-25 09:38:13.974 [main] INFO  o.j.modules.jmreport.config.JmReportExecutorConfig:21 - ---创建线程池---
2021-06-25 09:38:13.976 [main] INFO  o.s.scheduling.concurrent.ThreadPoolTaskExecutor:181 - Initializing ExecutorService
2021-06-25 09:38:13.978 [main] INFO  o.s.scheduling.concurrent.ThreadPoolTaskExecutor:181 - Initializing ExecutorService 'jmReportTaskExecutor'
2021-06-25 09:38:14.812 [main] INFO  org.apache.coyote.http11.Http11NioProtocol:173 - Starting ProtocolHandler ["http-nio-8080"]
2021-06-25 09:38:14.844 [main] INFO  o.s.boot.web.embedded.tomcat.TomcatWebServer:220 - Tomcat started on port(s): 8080 (http) with context path '/jeecg-boot'
2021-06-25 09:38:14.845 [main] INFO  s.d.s.web.plugins.DocumentationPluginsBootstrapper:93 - Documentation plugins bootstrapped
2021-06-25 09:38:14.849 [main] INFO  s.d.s.web.plugins.DocumentationPluginsBootstrapper:79 - Found 1 custom documentation plugin(s)
2021-06-25 09:38:15.048 [main] INFO  s.d.spring.web.scanners.ApiListingReferenceScanner:44 - Scanning for api listing references
2021-06-25 09:38:15.278 [main] INFO  s.d.s.w.r.operation.CachingOperationNameGenerator:41 - Generating unique operation named: addUsingPOST_1
2021-06-25 09:38:15.282 [main] INFO  s.d.s.w.r.operation.CachingOperationNameGenerator:41 - Generating unique operation named: deleteUsingDELETE_1
2021-06-25 09:38:15.284 [main] INFO  s.d.s.w.r.operation.CachingOperationNameGenerator:41 - Generating unique operation named: deleteBatchUsingDELETE_1
2021-06-25 09:38:15.286 [main] INFO  s.d.s.w.r.operation.CachingOperationNameGenerator:41 - Generating unique operation named: editUsingPUT_1
2021-06-25 09:38:15.288 [main] INFO  s.d.s.w.r.operation.CachingOperationNameGenerator:41 - Generating unique operation named: queryByIdUsingGET_1
2021-06-25 09:38:15.303 [main] INFO  s.d.s.w.r.operation.CachingOperationNameGenerator:41 - Generating unique operation named: addUsingPOST_2
2021-06-25 09:38:15.306 [main] INFO  s.d.s.w.r.operation.CachingOperationNameGenerator:41 - Generating unique operation named: deleteUsingDELETE_2
2021-06-25 09:38:15.308 [main] INFO  s.d.s.w.r.operation.CachingOperationNameGenerator:41 - Generating unique operation named: deleteBatchUsingDELETE_2
2021-06-25 09:38:15.310 [main] INFO  s.d.s.w.r.operation.CachingOperationNameGenerator:41 - Generating unique operation named: editUsingPUT_2
2021-06-25 09:38:15.312 [main] INFO  s.d.s.w.r.operation.CachingOperationNameGenerator:41 - Generating unique operation named: queryByIdUsingGET_2
2021-06-25 09:38:15.318 [main] INFO  s.d.s.w.r.operation.CachingOperationNameGenerator:41 - Generating unique operation named: queryPageListUsingGET_1
2021-06-25 09:38:15.324 [main] INFO  s.d.s.w.r.operation.CachingOperationNameGenerator:41 - Generating unique operation named: addUsingPOST_3
2021-06-25 09:38:15.326 [main] INFO  s.d.s.w.r.operation.CachingOperationNameGenerator:41 - Generating unique operation named: deleteUsingDELETE_3
2021-06-25 09:38:15.328 [main] INFO  s.d.s.w.r.operation.CachingOperationNameGenerator:41 - Generating unique operation named: deleteBatchUsingDELETE_3
2021-06-25 09:38:15.330 [main] INFO  s.d.s.w.r.operation.CachingOperationNameGenerator:41 - Generating unique operation named: editUsingPUT_3
2021-06-25 09:38:15.332 [main] INFO  s.d.s.w.r.operation.CachingOperationNameGenerator:41 - Generating unique operation named: queryByIdUsingGET_3
2021-06-25 09:38:15.337 [main] INFO  s.d.s.w.r.operation.CachingOperationNameGenerator:41 - Generating unique operation named: queryPageListUsingGET_2
2021-06-25 09:38:15.344 [main] INFO  s.d.s.w.r.operation.CachingOperationNameGenerator:41 - Generating unique operation named: addUsingPOST_4
2021-06-25 09:38:15.346 [main] INFO  s.d.s.w.r.operation.CachingOperationNameGenerator:41 - Generating unique operation named: deleteUsingDELETE_4
2021-06-25 09:38:15.348 [main] INFO  s.d.s.w.r.operation.CachingOperationNameGenerator:41 - Generating unique operation named: deleteBatchUsingDELETE_4
2021-06-25 09:38:15.380 [main] INFO  s.d.s.w.r.operation.CachingOperationNameGenerator:41 - Generating unique operation named: editUsingPUT_4
2021-06-25 09:38:15.383 [main] INFO  s.d.s.w.r.operation.CachingOperationNameGenerator:41 - Generating unique operation named: queryByIdUsingGET_4
2021-06-25 09:38:15.387 [main] INFO  s.d.s.w.r.operation.CachingOperationNameGenerator:41 - Generating unique operation named: queryPageListUsingGET_3
2021-06-25 09:38:15.397 [main] INFO  s.d.s.w.r.operation.CachingOperationNameGenerator:41 - Generating unique operation named: addUsingPOST_5
2021-06-25 09:38:15.399 [main] INFO  s.d.s.w.r.operation.CachingOperationNameGenerator:41 - Generating unique operation named: deleteUsingDELETE_5
2021-06-25 09:38:15.401 [main] INFO  s.d.s.w.r.operation.CachingOperationNameGenerator:41 - Generating unique operation named: deleteBatchUsingDELETE_5
2021-06-25 09:38:15.402 [main] INFO  s.d.s.w.r.operation.CachingOperationNameGenerator:41 - Generating unique operation named: editUsingPUT_5
2021-06-25 09:38:15.404 [main] INFO  s.d.s.w.r.operation.CachingOperationNameGenerator:41 - Generating unique operation named: queryByIdUsingGET_5
2021-06-25 09:38:15.408 [main] INFO  s.d.s.w.r.operation.CachingOperationNameGenerator:41 - Generating unique operation named: queryPageListUsingGET_4
2021-06-25 09:38:15.422 [main] INFO  s.d.s.w.r.operation.CachingOperationNameGenerator:41 - Generating unique operation named: queryPageListUsingGET_5
2021-06-25 09:38:15.423 [main] INFO  s.d.s.w.r.operation.CachingOperationNameGenerator:41 - Generating unique operation named: deleteUsingDELETE_6
2021-06-25 09:38:15.431 [main] INFO  s.d.s.w.r.operation.CachingOperationNameGenerator:41 - Generating unique operation named: addUsingPOST_6
2021-06-25 09:38:15.433 [main] INFO  s.d.s.w.r.operation.CachingOperationNameGenerator:41 - Generating unique operation named: deleteBatchUsingDELETE_6
2021-06-25 09:38:15.435 [main] INFO  s.d.s.w.r.operation.CachingOperationNameGenerator:41 - Generating unique operation named: editUsingPUT_6
2021-06-25 09:38:15.438 [main] INFO  s.d.s.w.r.operation.CachingOperationNameGenerator:41 - Generating unique operation named: queryByIdUsingGET_6
2021-06-25 09:38:15.815 [main] INFO  o.s.scheduling.quartz.SchedulerFactoryBean:727 - Starting Quartz Scheduler now
2021-06-25 09:38:16.125 [main] INFO  o.s.scheduling.quartz.LocalDataSourceJobStore:3644 - ClusterManager: detected 1 failed or restarted instances.
2021-06-25 09:38:16.126 [main] INFO  o.s.scheduling.quartz.LocalDataSourceJobStore:3503 - ClusterManager: Scanning for instance "bogon1624528600502"'s failed in-progress jobs.
2021-06-25 09:38:16.134 [main] INFO  org.quartz.core.QuartzScheduler:547 - Scheduler MyScheduler_$_bogon1624585091186 started.
2021-06-25 09:38:16.153 [main] INFO  org.jeecg.JeecgSystemApplication:61 - Started JeecgSystemApplication in 15.899 seconds (JVM running for 16.729)
2021-06-25 09:38:16.164 [main] INFO  org.jeecg.JeecgSystemApplication:38 - 
----------------------------------------------------------
	Application Jeecg-Boot is running! Access URLs:
	Local: 		http://localhost:8080/jeecg-boot/
	External: 	http://172.16.5.240:8080/jeecg-boot/
	Swagger文档: 	http://172.16.5.240:8080/jeecg-boot/doc.html
----------------------------------------------------------
2021-06-25 09:40:35.753 [http-nio-8080-exec-1] INFO  o.a.c.c.C.[Tomcat].[localhost].[/jeecg-boot]:173 - Initializing Spring DispatcherServlet 'dispatcherServlet'
2021-06-25 09:40:35.754 [http-nio-8080-exec-1] INFO  org.springframework.web.servlet.DispatcherServlet:525 - Initializing Servlet 'dispatcherServlet'
2021-06-25 09:40:35.813 [http-nio-8080-exec-1] INFO  org.springframework.web.servlet.DispatcherServlet:547 - Completed initialization in 59 ms
2021-06-25 09:54:10.219 [SpringContextShutdownHook] INFO  org.quartz.core.QuartzScheduler:585 - Scheduler MyScheduler_$_bogon1624585091186 paused.
2021-06-25 09:54:10.290 [SpringContextShutdownHook] INFO  o.s.scheduling.concurrent.ThreadPoolTaskExecutor:218 - Shutting down ExecutorService 'jmReportTaskExecutor'
2021-06-25 09:54:10.295 [SpringContextShutdownHook] INFO  o.s.scheduling.quartz.SchedulerFactoryBean:845 - Shutting down Quartz Scheduler
2021-06-25 09:54:10.296 [SpringContextShutdownHook] INFO  org.quartz.core.QuartzScheduler:666 - Scheduler MyScheduler_$_bogon1624585091186 shutting down.
2021-06-25 09:54:10.296 [SpringContextShutdownHook] INFO  org.quartz.core.QuartzScheduler:585 - Scheduler MyScheduler_$_bogon1624585091186 paused.
2021-06-25 09:54:10.297 [SpringContextShutdownHook] INFO  org.quartz.core.QuartzScheduler:740 - Scheduler MyScheduler_$_bogon1624585091186 shutdown complete.
2021-06-25 09:54:10.435 [SpringContextShutdownHook] INFO  c.b.dynamic.datasource.DynamicRoutingDataSource:217 - dynamic-datasource start closing ....
2021-06-25 09:54:10.438 [SpringContextShutdownHook] INFO  com.alibaba.druid.pool.DruidDataSource:2029 - {dataSource-1} closing ...
2021-06-25 09:54:10.449 [SpringContextShutdownHook] INFO  com.alibaba.druid.pool.DruidDataSource:2101 - {dataSource-1} closed
2021-06-25 09:54:10.449 [SpringContextShutdownHook] INFO  c.b.dynamic.datasource.DynamicRoutingDataSource:221 - dynamic-datasource all closed success,bye
2021-06-25 09:54:18.719 [background-preinit] INFO  org.hibernate.validator.internal.util.Version:21 - HV000001: Hibernate Validator 6.1.6.Final
2021-06-25 09:54:18.757 [main] INFO  org.jeecg.JeecgSystemApplication:55 - Starting JeecgSystemApplication on bogon with PID 1976 (/Users/sherlockdong/Documents/学习/Projects/jeecg-boot/jeecg-boot/jeecg-boot-module-system/target/classes started by sherlockdong in /Users/sherlockdong/Documents/学习/Projects/jeecg-boot/jeecg-boot)
2021-06-25 09:54:18.758 [main] INFO  org.jeecg.JeecgSystemApplication:655 - The following profiles are active: dev
2021-06-25 09:54:19.386 [background-preinit] WARN  o.s.h.converter.json.Jackson2ObjectMapperBuilder:127 - For Jackson Kotlin classes support please add "com.fasterxml.jackson.module:jackson-module-kotlin" to the classpath
2021-06-25 09:54:20.638 [main] INFO  o.s.d.r.config.RepositoryConfigurationDelegate:249 - Multiple Spring Data modules found, entering strict repository configuration mode!
2021-06-25 09:54:20.641 [main] INFO  o.s.d.r.config.RepositoryConfigurationDelegate:127 - Bootstrapping Spring Data Redis repositories in DEFAULT mode.
2021-06-25 09:54:20.760 [main] INFO  o.s.d.r.config.RepositoryConfigurationDelegate:187 - Finished Spring Data repository scanning in 103ms. Found 0 Redis repository interfaces.
2021-06-25 09:54:20.891 [main] INFO  o.j.minidao.auto.MinidaoAutoConfiguration:25 -  ******************* init miniDao config [ begin ] *********************** 
2021-06-25 09:54:20.891 [main] INFO  o.j.minidao.auto.MinidaoAutoConfiguration:27 -  ------ minidao.base-package ------- org.jeecg.modules.jmreport.*
2021-06-25 09:54:20.892 [main] INFO  o.j.minidao.auto.MinidaoAutoConfiguration:28 -  ------ minidao.db-type ------------ mysql
2021-06-25 09:54:20.894 [main] INFO  o.j.minidao.auto.MinidaoAutoConfiguration:39 -  ------ minidao Set Interceptor  ------- 
2021-06-25 09:54:20.895 [main] INFO  o.j.minidao.auto.MinidaoAutoConfiguration:50 -  *******************  init miniDao config  [ end ] *********************** 
2021-06-25 09:54:20.946 [main] INFO  o.j.minidao.factory.MiniDaoClassPathMapperScanner:48 - register minidao name is { org.jeecg.modules.jmreport.desreport.dao.JimuReportDao }
2021-06-25 09:54:20.947 [main] INFO  o.j.minidao.factory.MiniDaoClassPathMapperScanner:48 - register minidao name is { org.jeecg.modules.jmreport.desreport.dao.JimuReportDataSourceDao }
2021-06-25 09:54:20.947 [main] INFO  o.j.minidao.factory.MiniDaoClassPathMapperScanner:48 - register minidao name is { org.jeecg.modules.jmreport.desreport.dao.JimuReportDbDao }
2021-06-25 09:54:20.947 [main] INFO  o.j.minidao.factory.MiniDaoClassPathMapperScanner:48 - register minidao name is { org.jeecg.modules.jmreport.desreport.dao.JimuReportDbFieldDao }
2021-06-25 09:54:20.947 [main] INFO  o.j.minidao.factory.MiniDaoClassPathMapperScanner:48 - register minidao name is { org.jeecg.modules.jmreport.desreport.dao.JimuReportDbParamDao }
2021-06-25 09:54:20.947 [main] INFO  o.j.minidao.factory.MiniDaoClassPathMapperScanner:48 - register minidao name is { org.jeecg.modules.jmreport.desreport.dao.JimuReportDictDao }
2021-06-25 09:54:20.947 [main] INFO  o.j.minidao.factory.MiniDaoClassPathMapperScanner:48 - register minidao name is { org.jeecg.modules.jmreport.desreport.dao.JimuReportDictItemDao }
2021-06-25 09:54:20.948 [main] INFO  o.j.minidao.factory.MiniDaoClassPathMapperScanner:48 - register minidao name is { org.jeecg.modules.jmreport.desreport.dao.JimuReportLinkDao }
2021-06-25 09:54:20.948 [main] INFO  o.j.minidao.factory.MiniDaoClassPathMapperScanner:48 - register minidao name is { org.jeecg.modules.jmreport.desreport.dao.JimuReportMapDao }
2021-06-25 09:54:20.948 [main] INFO  o.j.minidao.factory.MiniDaoClassPathMapperScanner:48 - register minidao name is { org.jeecg.modules.jmreport.desreport.dao.JimuReportShareDao }
2021-06-25 09:54:21.177 [main] INFO  o.s.c.s.PostProcessorRegistrationDelegate$BeanPostProcessorChecker:335 - Bean 'org.springframework.boot.autoconfigure.jdbc.JdbcTemplateConfiguration' of type [org.springframework.boot.autoconfigure.jdbc.JdbcTemplateConfiguration] is not eligible for getting processed by all BeanPostProcessors (for example: not eligible for auto-proxying)
2021-06-25 09:54:21.223 [main] INFO  o.s.c.s.PostProcessorRegistrationDelegate$BeanPostProcessorChecker:335 - Bean 'spring.datasource.dynamic-com.baomidou.dynamic.datasource.spring.boot.autoconfigure.DynamicDataSourceProperties' of type [com.baomidou.dynamic.datasource.spring.boot.autoconfigure.DynamicDataSourceProperties] is not eligible for getting processed by all BeanPostProcessors (for example: not eligible for auto-proxying)
2021-06-25 09:54:21.225 [main] INFO  o.s.c.s.PostProcessorRegistrationDelegate$BeanPostProcessorChecker:335 - Bean 'com.baomidou.dynamic.datasource.spring.boot.autoconfigure.DynamicDataSourceAutoConfiguration' of type [com.baomidou.dynamic.datasource.spring.boot.autoconfigure.DynamicDataSourceAutoConfiguration$$EnhancerBySpringCGLIB$$e9df613d] is not eligible for getting processed by all BeanPostProcessors (for example: not eligible for auto-proxying)
2021-06-25 09:54:21.243 [main] INFO  o.s.c.s.PostProcessorRegistrationDelegate$BeanPostProcessorChecker:335 - Bean 'com.baomidou.dynamic.datasource.spring.boot.autoconfigure.DynamicDataSourceCreatorAutoConfiguration' of type [com.baomidou.dynamic.datasource.spring.boot.autoconfigure.DynamicDataSourceCreatorAutoConfiguration$$EnhancerBySpringCGLIB$$fb32147] is not eligible for getting processed by all BeanPostProcessors (for example: not eligible for auto-proxying)
2021-06-25 09:54:21.270 [main] INFO  o.s.c.s.PostProcessorRegistrationDelegate$BeanPostProcessorChecker:335 - Bean 'basicDataSourceCreator' of type [com.baomidou.dynamic.datasource.creator.BasicDataSourceCreator] is not eligible for getting processed by all BeanPostProcessors (for example: not eligible for auto-proxying)
2021-06-25 09:54:21.272 [main] INFO  o.s.c.s.PostProcessorRegistrationDelegate$BeanPostProcessorChecker:335 - Bean 'jndiDataSourceCreator' of type [com.baomidou.dynamic.datasource.creator.JndiDataSourceCreator] is not eligible for getting processed by all BeanPostProcessors (for example: not eligible for auto-proxying)
2021-06-25 09:54:21.275 [main] INFO  o.s.c.s.PostProcessorRegistrationDelegate$BeanPostProcessorChecker:335 - Bean 'druidDataSourceCreator' of type [com.baomidou.dynamic.datasource.creator.DruidDataSourceCreator] is not eligible for getting processed by all BeanPostProcessors (for example: not eligible for auto-proxying)
2021-06-25 09:54:21.277 [main] INFO  o.s.c.s.PostProcessorRegistrationDelegate$BeanPostProcessorChecker:335 - Bean 'hikariDataSourceCreator' of type [com.baomidou.dynamic.datasource.creator.HikariDataSourceCreator] is not eligible for getting processed by all BeanPostProcessors (for example: not eligible for auto-proxying)
2021-06-25 09:54:21.278 [main] INFO  o.s.c.s.PostProcessorRegistrationDelegate$BeanPostProcessorChecker:335 - Bean 'dataSourceCreator' of type [com.baomidou.dynamic.datasource.creator.DataSourceCreator] is not eligible for getting processed by all BeanPostProcessors (for example: not eligible for auto-proxying)
2021-06-25 09:54:21.279 [main] INFO  o.s.c.s.PostProcessorRegistrationDelegate$BeanPostProcessorChecker:335 - Bean 'dynamicDataSourceProvider' of type [com.baomidou.dynamic.datasource.provider.YmlDynamicDataSourceProvider] is not eligible for getting processed by all BeanPostProcessors (for example: not eligible for auto-proxying)
2021-06-25 09:54:21.662 [main] INFO  com.alibaba.druid.pool.DruidDataSource:994 - {dataSource-1,master} inited
2021-06-25 09:54:21.663 [main] INFO  c.b.dynamic.datasource.DynamicRoutingDataSource:132 - dynamic-datasource - load a datasource named [master] success
2021-06-25 09:54:21.664 [main] INFO  c.b.dynamic.datasource.DynamicRoutingDataSource:237 - dynamic-datasource initial loaded [1] datasource,primary datasource named [master]
2021-06-25 09:54:21.665 [main] INFO  o.s.c.s.PostProcessorRegistrationDelegate$BeanPostProcessorChecker:335 - Bean 'dataSource' of type [com.baomidou.dynamic.datasource.DynamicRoutingDataSource] is not eligible for getting processed by all BeanPostProcessors (for example: not eligible for auto-proxying)
2021-06-25 09:54:21.668 [main] INFO  o.s.c.s.PostProcessorRegistrationDelegate$BeanPostProcessorChecker:335 - Bean 'spring.jdbc-org.springframework.boot.autoconfigure.jdbc.JdbcProperties' of type [org.springframework.boot.autoconfigure.jdbc.JdbcProperties] is not eligible for getting processed by all BeanPostProcessors (for example: not eligible for auto-proxying)
2021-06-25 09:54:21.677 [main] INFO  o.s.c.s.PostProcessorRegistrationDelegate$BeanPostProcessorChecker:335 - Bean 'jdbcTemplate' of type [org.springframework.jdbc.core.JdbcTemplate] is not eligible for getting processed by all BeanPostProcessors (for example: not eligible for auto-proxying)
2021-06-25 09:54:21.679 [main] INFO  o.s.c.s.PostProcessorRegistrationDelegate$BeanPostProcessorChecker:335 - Bean 'org.springframework.boot.autoconfigure.jdbc.NamedParameterJdbcTemplateConfiguration' of type [org.springframework.boot.autoconfigure.jdbc.NamedParameterJdbcTemplateConfiguration] is not eligible for getting processed by all BeanPostProcessors (for example: not eligible for auto-proxying)
2021-06-25 09:54:21.683 [main] INFO  o.s.c.s.PostProcessorRegistrationDelegate$BeanPostProcessorChecker:335 - Bean 'namedParameterJdbcTemplate' of type [org.springframework.jdbc.core.namedparam.NamedParameterJdbcTemplate] is not eligible for getting processed by all BeanPostProcessors (for example: not eligible for auto-proxying)
2021-06-25 09:54:21.686 [main] INFO  o.s.c.s.PostProcessorRegistrationDelegate$BeanPostProcessorChecker:335 - Bean '(inner bean)#55e1192#9' of type [org.jeecgframework.minidao.aop.MiniDaoHandler] is not eligible for getting processed by all BeanPostProcessors (for example: not eligible for auto-proxying)
2021-06-25 09:54:21.692 [main] INFO  o.s.c.s.PostProcessorRegistrationDelegate$BeanPostProcessorChecker:335 - Bean 'jimuReportShareDao' of type [org.jeecgframework.minidao.factory.MiniDaoBeanFactory] is not eligible for getting processed by all BeanPostProcessors (for example: not eligible for auto-proxying)
2021-06-25 09:54:21.694 [main] INFO  o.s.c.s.PostProcessorRegistrationDelegate$BeanPostProcessorChecker:335 - Bean '(inner bean)#55e1192#8' of type [org.jeecgframework.minidao.aop.MiniDaoHandler] is not eligible for getting processed by all BeanPostProcessors (for example: not eligible for auto-proxying)
2021-06-25 09:54:21.695 [main] INFO  o.s.c.s.PostProcessorRegistrationDelegate$BeanPostProcessorChecker:335 - Bean 'jimuReportMapDao' of type [org.jeecgframework.minidao.factory.MiniDaoBeanFactory] is not eligible for getting processed by all BeanPostProcessors (for example: not eligible for auto-proxying)
2021-06-25 09:54:21.697 [main] INFO  o.s.c.s.PostProcessorRegistrationDelegate$BeanPostProcessorChecker:335 - Bean '(inner bean)#55e1192#7' of type [org.jeecgframework.minidao.aop.MiniDaoHandler] is not eligible for getting processed by all BeanPostProcessors (for example: not eligible for auto-proxying)
2021-06-25 09:54:21.699 [main] INFO  o.s.c.s.PostProcessorRegistrationDelegate$BeanPostProcessorChecker:335 - Bean 'jimuReportLinkDao' of type [org.jeecgframework.minidao.factory.MiniDaoBeanFactory] is not eligible for getting processed by all BeanPostProcessors (for example: not eligible for auto-proxying)
2021-06-25 09:54:21.701 [main] INFO  o.s.c.s.PostProcessorRegistrationDelegate$BeanPostProcessorChecker:335 - Bean '(inner bean)#55e1192#6' of type [org.jeecgframework.minidao.aop.MiniDaoHandler] is not eligible for getting processed by all BeanPostProcessors (for example: not eligible for auto-proxying)
2021-06-25 09:54:21.703 [main] INFO  o.s.c.s.PostProcessorRegistrationDelegate$BeanPostProcessorChecker:335 - Bean 'jimuReportDictItemDao' of type [org.jeecgframework.minidao.factory.MiniDaoBeanFactory] is not eligible for getting processed by all BeanPostProcessors (for example: not eligible for auto-proxying)
2021-06-25 09:54:21.705 [main] INFO  o.s.c.s.PostProcessorRegistrationDelegate$BeanPostProcessorChecker:335 - Bean '(inner bean)#55e1192#5' of type [org.jeecgframework.minidao.aop.MiniDaoHandler] is not eligible for getting processed by all BeanPostProcessors (for example: not eligible for auto-proxying)
2021-06-25 09:54:21.706 [main] INFO  o.s.c.s.PostProcessorRegistrationDelegate$BeanPostProcessorChecker:335 - Bean 'jimuReportDictDao' of type [org.jeecgframework.minidao.factory.MiniDaoBeanFactory] is not eligible for getting processed by all BeanPostProcessors (for example: not eligible for auto-proxying)
2021-06-25 09:54:21.709 [main] INFO  o.s.c.s.PostProcessorRegistrationDelegate$BeanPostProcessorChecker:335 - Bean '(inner bean)#55e1192#4' of type [org.jeecgframework.minidao.aop.MiniDaoHandler] is not eligible for getting processed by all BeanPostProcessors (for example: not eligible for auto-proxying)
2021-06-25 09:54:21.710 [main] INFO  o.s.c.s.PostProcessorRegistrationDelegate$BeanPostProcessorChecker:335 - Bean 'jimuReportDbParamDao' of type [org.jeecgframework.minidao.factory.MiniDaoBeanFactory] is not eligible for getting processed by all BeanPostProcessors (for example: not eligible for auto-proxying)
2021-06-25 09:54:21.713 [main] INFO  o.s.c.s.PostProcessorRegistrationDelegate$BeanPostProcessorChecker:335 - Bean '(inner bean)#55e1192#3' of type [org.jeecgframework.minidao.aop.MiniDaoHandler] is not eligible for getting processed by all BeanPostProcessors (for example: not eligible for auto-proxying)
2021-06-25 09:54:21.714 [main] INFO  o.s.c.s.PostProcessorRegistrationDelegate$BeanPostProcessorChecker:335 - Bean 'jimuReportDbFieldDao' of type [org.jeecgframework.minidao.factory.MiniDaoBeanFactory] is not eligible for getting processed by all BeanPostProcessors (for example: not eligible for auto-proxying)
2021-06-25 09:54:21.716 [main] INFO  o.s.c.s.PostProcessorRegistrationDelegate$BeanPostProcessorChecker:335 - Bean '(inner bean)#55e1192#2' of type [org.jeecgframework.minidao.aop.MiniDaoHandler] is not eligible for getting processed by all BeanPostProcessors (for example: not eligible for auto-proxying)
2021-06-25 09:54:21.717 [main] INFO  o.s.c.s.PostProcessorRegistrationDelegate$BeanPostProcessorChecker:335 - Bean 'jimuReportDbDao' of type [org.jeecgframework.minidao.factory.MiniDaoBeanFactory] is not eligible for getting processed by all BeanPostProcessors (for example: not eligible for auto-proxying)
2021-06-25 09:54:21.720 [main] INFO  o.s.c.s.PostProcessorRegistrationDelegate$BeanPostProcessorChecker:335 - Bean '(inner bean)#55e1192#1' of type [org.jeecgframework.minidao.aop.MiniDaoHandler] is not eligible for getting processed by all BeanPostProcessors (for example: not eligible for auto-proxying)
2021-06-25 09:54:21.721 [main] INFO  o.s.c.s.PostProcessorRegistrationDelegate$BeanPostProcessorChecker:335 - Bean 'jimuReportDataSourceDao' of type [org.jeecgframework.minidao.factory.MiniDaoBeanFactory] is not eligible for getting processed by all BeanPostProcessors (for example: not eligible for auto-proxying)
2021-06-25 09:54:21.723 [main] INFO  o.s.c.s.PostProcessorRegistrationDelegate$BeanPostProcessorChecker:335 - Bean '(inner bean)#55e1192' of type [org.jeecgframework.minidao.aop.MiniDaoHandler] is not eligible for getting processed by all BeanPostProcessors (for example: not eligible for auto-proxying)
2021-06-25 09:54:21.725 [main] INFO  o.s.c.s.PostProcessorRegistrationDelegate$BeanPostProcessorChecker:335 - Bean 'jimuReportDao' of type [org.jeecgframework.minidao.factory.MiniDaoBeanFactory] is not eligible for getting processed by all BeanPostProcessors (for example: not eligible for auto-proxying)
2021-06-25 09:54:21.740 [main] INFO  o.s.c.s.PostProcessorRegistrationDelegate$BeanPostProcessorChecker:335 - Bean 'spring.redis-org.springframework.boot.autoconfigure.data.redis.RedisProperties' of type [org.springframework.boot.autoconfigure.data.redis.RedisProperties] is not eligible for getting processed by all BeanPostProcessors (for example: not eligible for auto-proxying)
2021-06-25 09:54:21.746 [main] INFO  o.s.c.s.PostProcessorRegistrationDelegate$BeanPostProcessorChecker:335 - Bean 'org.springframework.boot.autoconfigure.data.redis.LettuceConnectionConfiguration' of type [org.springframework.boot.autoconfigure.data.redis.LettuceConnectionConfiguration] is not eligible for getting processed by all BeanPostProcessors (for example: not eligible for auto-proxying)
2021-06-25 09:54:21.964 [main] INFO  o.s.c.s.PostProcessorRegistrationDelegate$BeanPostProcessorChecker:335 - Bean 'lettuceClientResources' of type [io.lettuce.core.resource.DefaultClientResources] is not eligible for getting processed by all BeanPostProcessors (for example: not eligible for auto-proxying)
2021-06-25 09:54:22.116 [main] INFO  o.s.c.s.PostProcessorRegistrationDelegate$BeanPostProcessorChecker:335 - Bean 'redisConnectionFactory' of type [org.springframework.data.redis.connection.lettuce.LettuceConnectionFactory] is not eligible for getting processed by all BeanPostProcessors (for example: not eligible for auto-proxying)
2021-06-25 09:54:22.119 [main] INFO  o.s.c.s.PostProcessorRegistrationDelegate$BeanPostProcessorChecker:335 - Bean 'shiroConfig' of type [org.jeecg.config.shiro.ShiroConfig$$EnhancerBySpringCGLIB$$df8d3865] is not eligible for getting processed by all BeanPostProcessors (for example: not eligible for auto-proxying)
2021-06-25 09:54:22.191 [main] INFO  o.s.c.s.PostProcessorRegistrationDelegate$BeanPostProcessorChecker:335 - Bean 'shiroRealm' of type [org.jeecg.config.shiro.ShiroRealm] is not eligible for getting processed by all BeanPostProcessors (for example: not eligible for auto-proxying)
2021-06-25 09:54:22.272 [main] INFO  org.jeecg.config.shiro.ShiroConfig:214 - ===============(1)创建缓存管理器RedisCacheManager
2021-06-25 09:54:22.274 [main] INFO  org.jeecg.config.shiro.ShiroConfig:232 - ===============(2)创建RedisManager,连接Redis..
2021-06-25 09:54:22.278 [main] INFO  o.s.c.s.PostProcessorRegistrationDelegate$BeanPostProcessorChecker:335 - Bean 'redisManager' of type [org.crazycake.shiro.RedisManager] is not eligible for getting processed by all BeanPostProcessors (for example: not eligible for auto-proxying)
2021-06-25 09:54:22.281 [main] INFO  o.s.c.s.PostProcessorRegistrationDelegate$BeanPostProcessorChecker:335 - Bean 'securityManager' of type [org.apache.shiro.web.mgt.DefaultWebSecurityManager] is not eligible for getting processed by all BeanPostProcessors (for example: not eligible for auto-proxying)
2021-06-25 09:54:22.333 [main] INFO  o.s.c.s.PostProcessorRegistrationDelegate$BeanPostProcessorChecker:335 - Bean 'authorizationAttributeSourceAdvisor' of type [org.apache.shiro.spring.security.interceptor.AuthorizationAttributeSourceAdvisor] is not eligible for getting processed by all BeanPostProcessors (for example: not eligible for auto-proxying)
2021-06-25 09:54:22.636 [main] INFO  o.s.c.s.PostProcessorRegistrationDelegate$BeanPostProcessorChecker:335 - Bean 'dsProcessor' of type [com.baomidou.dynamic.datasource.processor.DsHeaderProcessor] is not eligible for getting processed by all BeanPostProcessors (for example: not eligible for auto-proxying)
2021-06-25 09:54:22.650 [main] INFO  o.s.c.s.PostProcessorRegistrationDelegate$BeanPostProcessorChecker:335 - Bean 'redisConfig' of type [org.jeecg.common.modules.redis.config.RedisConfig$$EnhancerBySpringCGLIB$$fcef4895] is not eligible for getting processed by all BeanPostProcessors (for example: not eligible for auto-proxying)
2021-06-25 09:54:22.700 [main] INFO  o.s.c.s.PostProcessorRegistrationDelegate$BeanPostProcessorChecker:335 - Bean 'org.apache.shiro.spring.boot.autoconfigure.ShiroBeanAutoConfiguration' of type [org.apache.shiro.spring.boot.autoconfigure.ShiroBeanAutoConfiguration$$EnhancerBySpringCGLIB$$9369ce1c] is not eligible for getting processed by all BeanPostProcessors (for example: not eligible for auto-proxying)
2021-06-25 09:54:22.706 [main] INFO  o.s.c.s.PostProcessorRegistrationDelegate$BeanPostProcessorChecker:335 - Bean 'eventBus' of type [org.apache.shiro.event.support.DefaultEventBus] is not eligible for getting processed by all BeanPostProcessors (for example: not eligible for auto-proxying)
2021-06-25 09:54:23.092 [main] INFO  o.s.boot.web.embedded.tomcat.TomcatWebServer:108 - Tomcat initialized with port(s): 8080 (http)
2021-06-25 09:54:23.106 [main] INFO  org.apache.coyote.http11.Http11NioProtocol:173 - Initializing ProtocolHandler ["http-nio-8080"]
2021-06-25 09:54:23.106 [main] INFO  org.apache.catalina.core.StandardService:173 - Starting service [Tomcat]
2021-06-25 09:54:23.107 [main] INFO  org.apache.catalina.core.StandardEngine:173 - Starting Servlet engine: [Apache Tomcat/9.0.39]
2021-06-25 09:54:23.228 [main] INFO  o.a.c.c.C.[Tomcat].[localhost].[/jeecg-boot]:173 - Initializing Spring embedded WebApplicationContext
2021-06-25 09:54:23.228 [main] INFO  o.s.b.w.s.c.ServletWebServerApplicationContext:285 - Root WebApplicationContext: initialization completed in 4427 ms
2021-06-25 09:54:25.685 [main] INFO  org.jeecg.common.modules.redis.config.RedisConfig:76 -  --- redis config init --- 
2021-06-25 09:54:26.812 [main] INFO  org.quartz.impl.StdSchedulerFactory:1220 - Using default implementation for ThreadExecutor
2021-06-25 09:54:26.815 [main] INFO  org.quartz.simpl.SimpleThreadPool:268 - Job execution threads will use class loader of thread: main
2021-06-25 09:54:26.827 [main] INFO  org.quartz.core.SchedulerSignalerImpl:61 - Initialized Scheduler Signaller of type: class org.quartz.core.SchedulerSignalerImpl
2021-06-25 09:54:26.828 [main] INFO  org.quartz.core.QuartzScheduler:229 - Quartz Scheduler v.2.3.2 created.
2021-06-25 09:54:26.833 [main] INFO  o.s.scheduling.quartz.LocalDataSourceJobStore:672 - Using db table-based data access locking (synchronization).
2021-06-25 09:54:26.836 [main] INFO  o.s.scheduling.quartz.LocalDataSourceJobStore:145 - JobStoreCMT initialized.
2021-06-25 09:54:26.837 [main] INFO  org.quartz.core.QuartzScheduler:294 - Scheduler meta-data: Quartz Scheduler (v2.3.2) 'MyScheduler' with instanceId 'bogon1624586066814'
  Scheduler class: 'org.quartz.core.QuartzScheduler' - running locally.
  NOT STARTED.
  Currently in standby mode.
  Number of jobs executed: 0
  Using thread pool 'org.quartz.simpl.SimpleThreadPool' - with 10 threads.
  Using job-store 'org.springframework.scheduling.quartz.LocalDataSourceJobStore' - which supports persistence. and is clustered.

2021-06-25 09:54:26.838 [main] INFO  org.quartz.impl.StdSchedulerFactory:1374 - Quartz scheduler 'MyScheduler' initialized from an externally provided properties instance.
2021-06-25 09:54:26.838 [main] INFO  org.quartz.impl.StdSchedulerFactory:1378 - Quartz scheduler version: 2.3.2
2021-06-25 09:54:26.838 [main] INFO  org.quartz.core.QuartzScheduler:2293 - JobFactory set to: org.springframework.scheduling.quartz.SpringBeanJobFactory@37ab1b10
2021-06-25 09:54:28.674 [main] INFO  o.j.m.jmreport.config.JimuReportConfiguration:53 -  --- Init JimuReport Config --- 
2021-06-25 09:54:29.301 [main] INFO  o.s.b.actuate.endpoint.web.EndpointLinksResolver:58 - Exposing 2 endpoint(s) beneath base path '/actuator'
2021-06-25 09:54:29.379 [main] INFO  org.jeecg.config.init.CodeGenerateDbConfig:45 -  代码生成器数据库连接，使用application.yml的DB配置 ###################
2021-06-25 09:54:29.425 [main] INFO  s.d.s.w.WebMvcPropertySourcedRequestMappingHandlerMapping:69 - Mapped URL path [/v2/api-docs] onto method [springfox.documentation.swagger2.web.Swagger2ControllerWebMvc#getDocumentation(String, HttpServletRequest)]
2021-06-25 09:54:29.495 [main] INFO  o.j.modules.jmreport.config.JmReportExecutorConfig:21 - ---创建线程池---
2021-06-25 09:54:29.497 [main] INFO  o.s.scheduling.concurrent.ThreadPoolTaskExecutor:181 - Initializing ExecutorService
2021-06-25 09:54:29.498 [main] INFO  o.s.scheduling.concurrent.ThreadPoolTaskExecutor:181 - Initializing ExecutorService 'jmReportTaskExecutor'
2021-06-25 09:54:30.147 [main] INFO  org.apache.coyote.http11.Http11NioProtocol:173 - Starting ProtocolHandler ["http-nio-8080"]
2021-06-25 09:54:30.178 [main] INFO  o.s.boot.web.embedded.tomcat.TomcatWebServer:220 - Tomcat started on port(s): 8080 (http) with context path '/jeecg-boot'
2021-06-25 09:54:30.179 [main] INFO  s.d.s.web.plugins.DocumentationPluginsBootstrapper:93 - Documentation plugins bootstrapped
2021-06-25 09:54:30.184 [main] INFO  s.d.s.web.plugins.DocumentationPluginsBootstrapper:79 - Found 1 custom documentation plugin(s)
2021-06-25 09:54:30.376 [main] INFO  s.d.spring.web.scanners.ApiListingReferenceScanner:44 - Scanning for api listing references
2021-06-25 09:54:30.574 [main] INFO  s.d.s.w.r.operation.CachingOperationNameGenerator:41 - Generating unique operation named: addUsingPOST_1
2021-06-25 09:54:30.578 [main] INFO  s.d.s.w.r.operation.CachingOperationNameGenerator:41 - Generating unique operation named: deleteUsingDELETE_1
2021-06-25 09:54:30.580 [main] INFO  s.d.s.w.r.operation.CachingOperationNameGenerator:41 - Generating unique operation named: deleteBatchUsingDELETE_1
2021-06-25 09:54:30.582 [main] INFO  s.d.s.w.r.operation.CachingOperationNameGenerator:41 - Generating unique operation named: editUsingPUT_1
2021-06-25 09:54:30.583 [main] INFO  s.d.s.w.r.operation.CachingOperationNameGenerator:41 - Generating unique operation named: queryByIdUsingGET_1
2021-06-25 09:54:30.598 [main] INFO  s.d.s.w.r.operation.CachingOperationNameGenerator:41 - Generating unique operation named: addUsingPOST_2
2021-06-25 09:54:30.600 [main] INFO  s.d.s.w.r.operation.CachingOperationNameGenerator:41 - Generating unique operation named: deleteUsingDELETE_2
2021-06-25 09:54:30.602 [main] INFO  s.d.s.w.r.operation.CachingOperationNameGenerator:41 - Generating unique operation named: deleteBatchUsingDELETE_2
2021-06-25 09:54:30.604 [main] INFO  s.d.s.w.r.operation.CachingOperationNameGenerator:41 - Generating unique operation named: editUsingPUT_2
2021-06-25 09:54:30.605 [main] INFO  s.d.s.w.r.operation.CachingOperationNameGenerator:41 - Generating unique operation named: queryByIdUsingGET_2
2021-06-25 09:54:30.610 [main] INFO  s.d.s.w.r.operation.CachingOperationNameGenerator:41 - Generating unique operation named: queryPageListUsingGET_1
2021-06-25 09:54:30.616 [main] INFO  s.d.s.w.r.operation.CachingOperationNameGenerator:41 - Generating unique operation named: addUsingPOST_3
2021-06-25 09:54:30.617 [main] INFO  s.d.s.w.r.operation.CachingOperationNameGenerator:41 - Generating unique operation named: deleteUsingDELETE_3
2021-06-25 09:54:30.619 [main] INFO  s.d.s.w.r.operation.CachingOperationNameGenerator:41 - Generating unique operation named: deleteBatchUsingDELETE_3
2021-06-25 09:54:30.620 [main] INFO  s.d.s.w.r.operation.CachingOperationNameGenerator:41 - Generating unique operation named: editUsingPUT_3
2021-06-25 09:54:30.622 [main] INFO  s.d.s.w.r.operation.CachingOperationNameGenerator:41 - Generating unique operation named: queryByIdUsingGET_3
2021-06-25 09:54:30.625 [main] INFO  s.d.s.w.r.operation.CachingOperationNameGenerator:41 - Generating unique operation named: queryPageListUsingGET_2
2021-06-25 09:54:30.632 [main] INFO  s.d.s.w.r.operation.CachingOperationNameGenerator:41 - Generating unique operation named: addUsingPOST_4
2021-06-25 09:54:30.633 [main] INFO  s.d.s.w.r.operation.CachingOperationNameGenerator:41 - Generating unique operation named: deleteUsingDELETE_4
2021-06-25 09:54:30.635 [main] INFO  s.d.s.w.r.operation.CachingOperationNameGenerator:41 - Generating unique operation named: deleteBatchUsingDELETE_4
2021-06-25 09:54:30.637 [main] INFO  s.d.s.w.r.operation.CachingOperationNameGenerator:41 - Generating unique operation named: editUsingPUT_4
2021-06-25 09:54:30.638 [main] INFO  s.d.s.w.r.operation.CachingOperationNameGenerator:41 - Generating unique operation named: queryByIdUsingGET_4
2021-06-25 09:54:30.643 [main] INFO  s.d.s.w.r.operation.CachingOperationNameGenerator:41 - Generating unique operation named: queryPageListUsingGET_3
2021-06-25 09:54:30.654 [main] INFO  s.d.s.w.r.operation.CachingOperationNameGenerator:41 - Generating unique operation named: addUsingPOST_5
2021-06-25 09:54:30.656 [main] INFO  s.d.s.w.r.operation.CachingOperationNameGenerator:41 - Generating unique operation named: deleteUsingDELETE_5
2021-06-25 09:54:30.658 [main] INFO  s.d.s.w.r.operation.CachingOperationNameGenerator:41 - Generating unique operation named: deleteBatchUsingDELETE_5
2021-06-25 09:54:30.659 [main] INFO  s.d.s.w.r.operation.CachingOperationNameGenerator:41 - Generating unique operation named: editUsingPUT_5
2021-06-25 09:54:30.661 [main] INFO  s.d.s.w.r.operation.CachingOperationNameGenerator:41 - Generating unique operation named: queryByIdUsingGET_5
2021-06-25 09:54:30.664 [main] INFO  s.d.s.w.r.operation.CachingOperationNameGenerator:41 - Generating unique operation named: queryPageListUsingGET_4
2021-06-25 09:54:30.677 [main] INFO  s.d.s.w.r.operation.CachingOperationNameGenerator:41 - Generating unique operation named: queryPageListUsingGET_5
2021-06-25 09:54:30.678 [main] INFO  s.d.s.w.r.operation.CachingOperationNameGenerator:41 - Generating unique operation named: deleteUsingDELETE_6
2021-06-25 09:54:30.686 [main] INFO  s.d.s.w.r.operation.CachingOperationNameGenerator:41 - Generating unique operation named: addUsingPOST_6
2021-06-25 09:54:30.687 [main] INFO  s.d.s.w.r.operation.CachingOperationNameGenerator:41 - Generating unique operation named: deleteBatchUsingDELETE_6
2021-06-25 09:54:30.689 [main] INFO  s.d.s.w.r.operation.CachingOperationNameGenerator:41 - Generating unique operation named: editUsingPUT_6
2021-06-25 09:54:30.692 [main] INFO  s.d.s.w.r.operation.CachingOperationNameGenerator:41 - Generating unique operation named: queryByIdUsingGET_6
2021-06-25 09:54:31.012 [main] INFO  o.s.scheduling.quartz.SchedulerFactoryBean:727 - Starting Quartz Scheduler now
2021-06-25 09:54:31.268 [main] INFO  o.s.scheduling.quartz.LocalDataSourceJobStore:3644 - ClusterManager: detected 1 failed or restarted instances.
2021-06-25 09:54:31.269 [main] INFO  o.s.scheduling.quartz.LocalDataSourceJobStore:3503 - ClusterManager: Scanning for instance "bogon1624585091186"'s failed in-progress jobs.
2021-06-25 09:54:31.273 [main] INFO  org.quartz.core.QuartzScheduler:547 - Scheduler MyScheduler_$_bogon1624586066814 started.
2021-06-25 09:54:31.289 [main] INFO  org.jeecg.JeecgSystemApplication:61 - Started JeecgSystemApplication in 16.204 seconds (JVM running for 16.679)
2021-06-25 09:54:31.297 [main] INFO  org.jeecg.JeecgSystemApplication:38 - 
----------------------------------------------------------
	Application Jeecg-Boot is running! Access URLs:
	Local: 		http://localhost:8080/jeecg-boot/
	External: 	http://172.16.5.240:8080/jeecg-boot/
	Swagger文档: 	http://172.16.5.240:8080/jeecg-boot/doc.html
----------------------------------------------------------
2021-06-25 09:54:49.411 [http-nio-8080-exec-1] INFO  o.a.c.c.C.[Tomcat].[localhost].[/jeecg-boot]:173 - Initializing Spring DispatcherServlet 'dispatcherServlet'
2021-06-25 09:54:49.412 [http-nio-8080-exec-1] INFO  org.springframework.web.servlet.DispatcherServlet:525 - Initializing Servlet 'dispatcherServlet'
2021-06-25 09:54:49.426 [http-nio-8080-exec-1] INFO  org.springframework.web.servlet.DispatcherServlet:547 - Completed initialization in 14 ms
2021-06-25 09:54:50.114 [http-nio-8080-exec-2] INFO  o.j.c.modules.redis.writer.JeecgRedisCacheWriter:104 - redis remove key:sys:cache:user::admin
2021-06-25 09:54:51.773 [http-nio-8080-exec-5] INFO  org.jeecg.modules.message.websocket.WebSocket:57 - 【websocket消息】有新的连接，总数为:1
2021-06-25 09:56:30.622 [http-nio-8080-exec-5] INFO  org.jeecg.modules.message.websocket.WebSocket:67 - 【websocket消息】连接断开，总数为:0
2021-06-25 09:56:36.008 [http-nio-8080-exec-7] INFO  org.jeecg.modules.message.websocket.WebSocket:57 - 【websocket消息】有新的连接，总数为:1
2021-06-25 09:57:00.915 [http-nio-8080-exec-6] INFO  o.jeecg.modules.system.controller.LoginController:144 -  用户名:  管理员,退出成功！ 
2021-06-25 09:57:01.290 [http-nio-8080-exec-8] INFO  org.jeecg.modules.message.websocket.WebSocket:67 - 【websocket消息】连接断开，总数为:0
2021-06-25 09:57:07.485 [http-nio-8080-exec-1] INFO  o.j.c.modules.redis.writer.JeecgRedisCacheWriter:104 - redis remove key:sys:cache:user::admin
2021-06-25 09:57:08.655 [http-nio-8080-exec-3] INFO  org.jeecg.modules.message.websocket.WebSocket:57 - 【websocket消息】有新的连接，总数为:1
2021-06-25 09:57:15.000 [http-nio-8080-exec-9] INFO  o.jeecg.modules.system.controller.LoginController:144 -  用户名:  管理员,退出成功！ 
2021-06-25 09:57:15.100 [http-nio-8080-exec-10] INFO  org.jeecg.modules.message.websocket.WebSocket:67 - 【websocket消息】连接断开，总数为:0
2021-06-25 10:08:39.974 [http-nio-8080-exec-8] INFO  o.j.c.modules.redis.writer.JeecgRedisCacheWriter:104 - redis remove key:sys:cache:user::admin
2021-06-25 10:08:41.121 [http-nio-8080-exec-1] INFO  org.jeecg.modules.message.websocket.WebSocket:57 - 【websocket消息】有新的连接，总数为:1
2021-06-25 10:08:45.972 [http-nio-8080-exec-6] INFO  o.jeecg.modules.system.controller.LoginController:144 -  用户名:  管理员,退出成功！ 
2021-06-25 10:08:46.071 [http-nio-8080-exec-7] INFO  org.jeecg.modules.message.websocket.WebSocket:67 - 【websocket消息】连接断开，总数为:0
2021-06-25 10:49:32.962 [http-nio-8080-exec-2] INFO  o.j.c.modules.redis.writer.JeecgRedisCacheWriter:104 - redis remove key:sys:cache:user::admin
2021-06-25 10:49:33.686 [http-nio-8080-exec-8] INFO  org.jeecg.modules.message.websocket.WebSocket:57 - 【websocket消息】有新的连接，总数为:1
2021-06-25 10:51:23.068 [http-nio-8080-exec-6] INFO  o.jeecg.modules.system.controller.LoginController:144 -  用户名:  管理员,退出成功！ 
2021-06-25 10:51:23.171 [http-nio-8080-exec-1] INFO  org.jeecg.modules.message.websocket.WebSocket:67 - 【websocket消息】连接断开，总数为:0
2021-06-25 11:03:31.842 [http-nio-8080-exec-3] INFO  o.j.c.modules.redis.writer.JeecgRedisCacheWriter:104 - redis remove key:sys:cache:user::admin
2021-06-25 11:03:43.211 [http-nio-8080-exec-4] INFO  org.jeecg.modules.message.websocket.WebSocket:57 - 【websocket消息】有新的连接，总数为:1
2021-06-25 11:03:47.311 [http-nio-8080-exec-10] INFO  o.jeecg.modules.system.controller.LoginController:144 -  用户名:  管理员,退出成功！ 
2021-06-25 11:03:47.418 [http-nio-8080-exec-2] INFO  org.jeecg.modules.message.websocket.WebSocket:67 - 【websocket消息】连接断开，总数为:0
2021-06-25 11:07:07.519 [http-nio-8080-exec-9] INFO  o.j.c.modules.redis.writer.JeecgRedisCacheWriter:104 - redis remove key:sys:cache:user::admin
2021-06-25 11:07:40.019 [http-nio-8080-exec-3] INFO  org.jeecg.modules.message.websocket.WebSocket:57 - 【websocket消息】有新的连接，总数为:1
2021-06-25 11:07:47.583 [http-nio-8080-exec-7] INFO  o.jeecg.modules.system.controller.LoginController:144 -  用户名:  管理员,退出成功！ 
2021-06-25 11:07:47.629 [http-nio-8080-exec-1] INFO  org.jeecg.modules.message.websocket.WebSocket:67 - 【websocket消息】连接断开，总数为:0
2021-06-25 11:07:52.215 [http-nio-8080-exec-10] INFO  o.j.c.modules.redis.writer.JeecgRedisCacheWriter:104 - redis remove key:sys:cache:user::admin
2021-06-25 11:08:24.979 [http-nio-8080-exec-4] INFO  org.jeecg.modules.message.websocket.WebSocket:57 - 【websocket消息】有新的连接，总数为:1
2021-06-25 11:08:29.256 [http-nio-8080-exec-5] INFO  o.jeecg.modules.system.controller.LoginController:144 -  用户名:  管理员,退出成功！ 
2021-06-25 11:08:29.304 [http-nio-8080-exec-2] INFO  org.jeecg.modules.message.websocket.WebSocket:67 - 【websocket消息】连接断开，总数为:0
2021-06-25 11:08:39.474 [http-nio-8080-exec-6] INFO  o.j.c.modules.redis.writer.JeecgRedisCacheWriter:104 - redis remove key:sys:cache:user::admin
2021-06-25 11:08:40.076 [http-nio-8080-exec-1] INFO  org.jeecg.modules.message.websocket.WebSocket:57 - 【websocket消息】有新的连接，总数为:1
2021-06-25 11:08:46.723 [http-nio-8080-exec-8] INFO  o.jeecg.modules.system.controller.LoginController:144 -  用户名:  管理员,退出成功！ 
2021-06-25 11:08:46.793 [http-nio-8080-exec-9] INFO  org.jeecg.modules.message.websocket.WebSocket:67 - 【websocket消息】连接断开，总数为:0
2021-06-25 11:09:21.887 [http-nio-8080-exec-3] INFO  o.j.c.modules.redis.writer.JeecgRedisCacheWriter:104 - redis remove key:sys:cache:user::admin
2021-06-25 11:09:22.542 [http-nio-8080-exec-2] INFO  org.jeecg.modules.message.websocket.WebSocket:57 - 【websocket消息】有新的连接，总数为:1
2021-06-25 11:09:25.887 [http-nio-8080-exec-3] INFO  org.jeecg.modules.message.websocket.WebSocket:67 - 【websocket消息】连接断开，总数为:0
2021-06-25 11:09:27.960 [http-nio-8080-exec-2] INFO  org.jeecg.modules.message.websocket.WebSocket:57 - 【websocket消息】有新的连接，总数为:1
2021-06-25 11:09:30.142 [http-nio-8080-exec-7] INFO  o.jeecg.modules.system.controller.LoginController:144 -  用户名:  管理员,退出成功！ 
2021-06-25 11:09:30.187 [http-nio-8080-exec-10] INFO  org.jeecg.modules.message.websocket.WebSocket:67 - 【websocket消息】连接断开，总数为:0
2021-06-25 11:09:41.033 [http-nio-8080-exec-4] INFO  o.j.c.modules.redis.writer.JeecgRedisCacheWriter:104 - redis remove key:sys:cache:user::admin
2021-06-25 11:09:41.658 [http-nio-8080-exec-9] INFO  org.jeecg.modules.message.websocket.WebSocket:57 - 【websocket消息】有新的连接，总数为:1
2021-06-25 11:09:45.142 [http-nio-8080-exec-5] INFO  o.jeecg.modules.system.controller.LoginController:144 -  用户名:  管理员,退出成功！ 
2021-06-25 11:09:45.211 [http-nio-8080-exec-6] INFO  org.jeecg.modules.message.websocket.WebSocket:67 - 【websocket消息】连接断开，总数为:0
2021-06-25 11:10:02.140 [http-nio-8080-exec-1] INFO  o.j.c.modules.redis.writer.JeecgRedisCacheWriter:104 - redis remove key:sys:cache:user::admin
2021-06-25 11:10:15.724 [http-nio-8080-exec-10] INFO  org.jeecg.modules.message.websocket.WebSocket:57 - 【websocket消息】有新的连接，总数为:1
2021-06-25 11:10:18.429 [http-nio-8080-exec-8] INFO  o.jeecg.modules.system.controller.LoginController:144 -  用户名:  管理员,退出成功！ 
2021-06-25 11:10:18.469 [http-nio-8080-exec-3] INFO  org.jeecg.modules.message.websocket.WebSocket:67 - 【websocket消息】连接断开，总数为:0
2021-06-25 11:10:20.317 [http-nio-8080-exec-7] INFO  o.j.c.modules.redis.writer.JeecgRedisCacheWriter:104 - redis remove key:sys:cache:user::admin
2021-06-25 11:10:20.889 [http-nio-8080-exec-6] INFO  org.jeecg.modules.message.websocket.WebSocket:57 - 【websocket消息】有新的连接，总数为:1
2021-06-25 11:10:30.984 [http-nio-8080-exec-2] INFO  o.jeecg.modules.system.controller.LoginController:144 -  用户名:  管理员,退出成功！ 
2021-06-25 11:10:31.057 [http-nio-8080-exec-4] INFO  org.jeecg.modules.message.websocket.WebSocket:67 - 【websocket消息】连接断开，总数为:0
2021-06-25 11:35:04.493 [http-nio-8080-exec-10] INFO  o.j.c.modules.redis.writer.JeecgRedisCacheWriter:104 - redis remove key:sys:cache:user::admin
2021-06-25 11:35:05.208 [http-nio-8080-exec-7] INFO  org.jeecg.modules.message.websocket.WebSocket:57 - 【websocket消息】有新的连接，总数为:1
2021-06-25 11:36:01.104 [http-nio-8080-exec-8] INFO  o.jeecg.modules.system.controller.LoginController:144 -  用户名:  管理员,退出成功！ 
2021-06-25 11:36:01.186 [http-nio-8080-exec-3] INFO  org.jeecg.modules.message.websocket.WebSocket:67 - 【websocket消息】连接断开，总数为:0
